+=====================================================================+
     __    __ __      __  ___ __         __ ___             ___ __  __ 
|  ||_ |  /  /  \|\/||_    | /  \  \  /||__) | /  \ /\ |     _//  \/  \
|/\||__|__\__\__/|  ||__   | \__/   \/ || \  | \__//--\|__  /__\__/\__/

+=====================================================================+


Pilihan menu : 
1. Display Virtual Zoo
2. Tour Virtual Zoo 
3. Quit 

Masukkan input : Masukkan batas atas = Masukkan batas bawah = Masukkan batas kiri = Masukkan batas kanan = 
+==================================+
      __ ___             ___ __  __ 
\  /||__) | /  \ /\ |     _//  \/  \
 \/ || \  | \__//--\|__  /__\__/\__/

+==================================+

lllllll aaAAAAAAAaaa
lllAAAA aaAAAAAAAaaa
lllAAAA             
lllAAAA ############
####### lllllllllll#
llAAAAA llAAAAAAAll#
llAAAAA llAAAAAAAll#
####### llAAAAAAAll#
llAAAAA             
llAAAAA aaAAAAAAAa##
llAAAAA aaAAAAAAAa##
####### aaAAAAAAAa##
llAAAAA aaAAAAAAAa##
llAAAAA ############
                    
wwWWWWW wwWWWWWWWww#
wwWWWWW wwWWWWWWWww#
wwWWWWW wwWWWWWWWww#
wwWWWWW wwWWWWWWWww#
####### wwWWWWWWWww#

Press any key to continue...
+=====================================================================+
     __    __ __      __  ___ __         __ ___             ___ __  __ 
|  ||_ |  /  /  \|\/||_    | /  \  \  /||__) | /  \ /\ |     _//  \/  \
|/\||__|__\__\__/|  ||__   | \__/   \/ || \  | \__//--\|__  /__\__/\__/

+=====================================================================+


Pilihan menu : 
1. Display Virtual Zoo
2. Tour Virtual Zoo 
3. Quit 

Masukkan input : 