+=====================================================================+
     __    __ __      __  ___ __         __ ___             ___ __  __ 
|  ||_ |  /  /  \|\/||_    | /  \  \  /||__) | /  \ /\ |     _//  \/  \
|/\||__|__\__\__/|  ||__   | \__/   \/ || \  | \__//--\|__  /__\__/\__/

+=====================================================================+


Pilihan menu : 
1. Display Virtual Zoo
2. Tour Virtual Zoo 
3. Show Movement 
4. Show Total Food 
5. Quit 

Masukkan input : Masukkan batas atas = Masukkan batas bawah = Masukkan batas kiri = Masukkan batas kanan = 
+==================================+
      __ ___             ___ __  __ 
\  /||__) | /  \ /\ |     _//  \/  \
 \/ || \  | \__//--\|__  /__\__/\__/

+==================================+

lllllll aaAAeAAAAaaa
lllLLLL aaAAAAAAAaaa
lllLLLL             
llliLLL ############
####### lllllllllll#
llLLtLL llaLLrLLLll#
llLLLLL llLLrLLLLll#
####### llpLLpLLLll#
llLLgLL             
llLLLLL aabAAAbAAa##
llLLLLL aacAAcAAAa##
####### aakAAkAAAa##
llLLhLL aaAAkAAAAa##
llLLLLL ############
                    
wwWWWWW wwOWWWOWWww#
wwW?WWW wwWWWQWWWww#
wwWWWWW wwQWWMWWWww#
wwWWWWW wwWWMWWWWww#
####### wwWWMWWWWww#

Press any key to continue...+=====================================================================+
     __    __ __      __  ___ __         __ ___             ___ __  __ 
|  ||_ |  /  /  \|\/||_    | /  \  \  /||__) | /  \ /\ |     _//  \/  \
|/\||__|__\__\__/|  ||__   | \__/   \/ || \  | \__//--\|__  /__\__/\__/

+=====================================================================+


Pilihan menu : 
1. Display Virtual Zoo
2. Tour Virtual Zoo 
3. Show Movement 
4. Show Total Food 
5. Quit 

Masukkan input : 