+=====================================================================+
     __    __ __      __  ___ __         __ ___             ___ __  __ 
|  ||_ |  /  /  \|\/||_    | /  \  \  /||__) | /  \ /\ |     _//  \/  \
|/\||__|__\__\__/|  ||__   | \__/   \/ || \  | \__//--\|__  /__\__/\__/

+=====================================================================+


Pilihan menu : 
1. Display Virtual Zoo
2. Tour Virtual Zoo 
3. Show Movement 
4. Show Total Food 
5. Quit 

Masukkan input : Jumlah daging 17741 kg
Jumlah tumbuhan 472 kg

Press any key to continue...+=====================================================================+
     __    __ __      __  ___ __         __ ___             ___ __  __ 
|  ||_ |  /  /  \|\/||_    | /  \  \  /||__) | /  \ /\ |     _//  \/  \
|/\||__|__\__\__/|  ||__   | \__/   \/ || \  | \__//--\|__  /__\__/\__/

+=====================================================================+


Pilihan menu : 
1. Display Virtual Zoo
2. Tour Virtual Zoo 
3. Show Movement 
4. Show Total Food 
5. Quit 

Masukkan input : 